<?xml version="1.0" encoding="UTF-8"?>
<testsuite xmlns:xsi="http://www.w3.org/2001/XMLSchema-instance" xsi:noNamespaceSchemaLocation="https://maven.apache.org/surefire/maven-surefire-plugin/xsd/surefire-test-report-3.0.xsd" version="3.0" name="TestSuite" time="42.963" tests="6" errors="0" skipped="0" failures="0">
  <properties>
    <property name="java.specification.version" value="17"/>
    <property name="sun.cpu.isalist" value="amd64"/>
    <property name="sun.jnu.encoding" value="Cp1252"/>
    <property name="java.class.path" value="C:\Users\ankit.dhakulkar\eclipse-workspace\CucumberPom\target\test-classes;C:\Users\ankit.dhakulkar\eclipse-workspace\CucumberPom\target\classes;C:\Users\ankit.dhakulkar\.m2\repository\io\cucumber\cucumber-core\7.15.0\cucumber-core-7.15.0.jar;C:\Users\ankit.dhakulkar\.m2\repository\io\cucumber\cucumber-gherkin\7.15.0\cucumber-gherkin-7.15.0.jar;C:\Users\ankit.dhakulkar\.m2\repository\io\cucumber\cucumber-gherkin-messages\7.15.0\cucumber-gherkin-messages-7.15.0.jar;C:\Users\ankit.dhakulkar\.m2\repository\io\cucumber\messages\22.0.0\messages-22.0.0.jar;C:\Users\ankit.dhakulkar\.m2\repository\io\cucumber\tag-expressions\6.0.0\tag-expressions-6.0.0.jar;C:\Users\ankit.dhakulkar\.m2\repository\io\cucumber\cucumber-expressions\17.0.1\cucumber-expressions-17.0.1.jar;C:\Users\ankit.dhakulkar\.m2\repository\io\cucumber\datatable\7.15.0\datatable-7.15.0.jar;C:\Users\ankit.dhakulkar\.m2\repository\io\cucumber\cucumber-plugin\7.15.0\cucumber-plugin-7.15.0.jar;C:\Users\ankit.dhakulkar\.m2\repository\io\cucumber\docstring\7.15.0\docstring-7.15.0.jar;C:\Users\ankit.dhakulkar\.m2\repository\io\cucumber\html-formatter\20.4.0\html-formatter-20.4.0.jar;C:\Users\ankit.dhakulkar\.m2\repository\io\cucumber\junit-xml-formatter\0.2.0\junit-xml-formatter-0.2.0.jar;C:\Users\ankit.dhakulkar\.m2\repository\io\cucumber\ci-environment\10.0.0\ci-environment-10.0.0.jar;C:\Users\ankit.dhakulkar\.m2\repository\org\apiguardian\apiguardian-api\1.1.2\apiguardian-api-1.1.2.jar;C:\Users\ankit.dhakulkar\.m2\repository\io\cucumber\gherkin\27.0.0\gherkin-27.0.0.jar;C:\Users\ankit.dhakulkar\.m2\repository\io\cucumber\cucumber-testng\7.15.0\cucumber-testng-7.15.0.jar;C:\Users\ankit.dhakulkar\.m2\repository\io\cucumber\cucumber-java\7.15.0\cucumber-java-7.15.0.jar;C:\Users\ankit.dhakulkar\.m2\repository\org\seleniumhq\selenium\selenium-java\4.28.1\selenium-java-4.28.1.jar;C:\Users\ankit.dhakulkar\.m2\repository\org\seleniumhq\selenium\selenium-api\4.28.1\selenium-api-4.28.1.jar;C:\Users\ankit.dhakulkar\.m2\repository\org\jspecify\jspecify\1.0.0\jspecify-1.0.0.jar;C:\Users\ankit.dhakulkar\.m2\repository\org\seleniumhq\selenium\selenium-chrome-driver\4.28.1\selenium-chrome-driver-4.28.1.jar;C:\Users\ankit.dhakulkar\.m2\repository\com\google\auto\service\auto-service-annotations\1.1.1\auto-service-annotations-1.1.1.jar;C:\Users\ankit.dhakulkar\.m2\repository\org\seleniumhq\selenium\selenium-chromium-driver\4.28.1\selenium-chromium-driver-4.28.1.jar;C:\Users\ankit.dhakulkar\.m2\repository\org\seleniumhq\selenium\selenium-json\4.28.1\selenium-json-4.28.1.jar;C:\Users\ankit.dhakulkar\.m2\repository\org\seleniumhq\selenium\selenium-manager\4.28.1\selenium-manager-4.28.1.jar;C:\Users\ankit.dhakulkar\.m2\repository\org\seleniumhq\selenium\selenium-devtools-v130\4.28.1\selenium-devtools-v130-4.28.1.jar;C:\Users\ankit.dhakulkar\.m2\repository\org\seleniumhq\selenium\selenium-devtools-v131\4.28.1\selenium-devtools-v131-4.28.1.jar;C:\Users\ankit.dhakulkar\.m2\repository\org\seleniumhq\selenium\selenium-devtools-v132\4.28.1\selenium-devtools-v132-4.28.1.jar;C:\Users\ankit.dhakulkar\.m2\repository\org\seleniumhq\selenium\selenium-devtools-v85\4.28.1\selenium-devtools-v85-4.28.1.jar;C:\Users\ankit.dhakulkar\.m2\repository\org\seleniumhq\selenium\selenium-edge-driver\4.28.1\selenium-edge-driver-4.28.1.jar;C:\Users\ankit.dhakulkar\.m2\repository\org\seleniumhq\selenium\selenium-firefox-driver\4.28.1\selenium-firefox-driver-4.28.1.jar;C:\Users\ankit.dhakulkar\.m2\repository\org\seleniumhq\selenium\selenium-http\4.28.1\selenium-http-4.28.1.jar;C:\Users\ankit.dhakulkar\.m2\repository\org\seleniumhq\selenium\selenium-ie-driver\4.28.1\selenium-ie-driver-4.28.1.jar;C:\Users\ankit.dhakulkar\.m2\repository\org\seleniumhq\selenium\selenium-remote-driver\4.28.1\selenium-remote-driver-4.28.1.jar;C:\Users\ankit.dhakulkar\.m2\repository\com\google\guava\guava\33.4.0-jre\guava-33.4.0-jre.jar;C:\Users\ankit.dhakulkar\.m2\repository\com\google\guava\failureaccess\1.0.2\failureaccess-1.0.2.jar;C:\Users\ankit.dhakulkar\.m2\repository\com\google\guava\listenablefuture\9999.0-empty-to-avoid-conflict-with-guava\listenablefuture-9999.0-empty-to-avoid-conflict-with-guava.jar;C:\Users\ankit.dhakulkar\.m2\repository\org\checkerframework\checker-qual\3.43.0\checker-qual-3.43.0.jar;C:\Users\ankit.dhakulkar\.m2\repository\com\google\errorprone\error_prone_annotations\2.36.0\error_prone_annotations-2.36.0.jar;C:\Users\ankit.dhakulkar\.m2\repository\com\google\j2objc\j2objc-annotations\3.0.0\j2objc-annotations-3.0.0.jar;C:\Users\ankit.dhakulkar\.m2\repository\io\opentelemetry\semconv\opentelemetry-semconv\1.28.0-alpha\opentelemetry-semconv-1.28.0-alpha.jar;C:\Users\ankit.dhakulkar\.m2\repository\io\opentelemetry\opentelemetry-api\1.46.0\opentelemetry-api-1.46.0.jar;C:\Users\ankit.dhakulkar\.m2\repository\io\opentelemetry\opentelemetry-context\1.46.0\opentelemetry-context-1.46.0.jar;C:\Users\ankit.dhakulkar\.m2\repository\io\opentelemetry\opentelemetry-exporter-logging\1.46.0\opentelemetry-exporter-logging-1.46.0.jar;C:\Users\ankit.dhakulkar\.m2\repository\io\opentelemetry\opentelemetry-sdk-common\1.46.0\opentelemetry-sdk-common-1.46.0.jar;C:\Users\ankit.dhakulkar\.m2\repository\io\opentelemetry\opentelemetry-sdk-extension-autoconfigure-spi\1.46.0\opentelemetry-sdk-extension-autoconfigure-spi-1.46.0.jar;C:\Users\ankit.dhakulkar\.m2\repository\io\opentelemetry\opentelemetry-sdk-extension-autoconfigure\1.46.0\opentelemetry-sdk-extension-autoconfigure-1.46.0.jar;C:\Users\ankit.dhakulkar\.m2\repository\io\opentelemetry\opentelemetry-api-incubator\1.46.0-alpha\opentelemetry-api-incubator-1.46.0-alpha.jar;C:\Users\ankit.dhakulkar\.m2\repository\io\opentelemetry\opentelemetry-sdk-trace\1.46.0\opentelemetry-sdk-trace-1.46.0.jar;C:\Users\ankit.dhakulkar\.m2\repository\io\opentelemetry\opentelemetry-sdk\1.46.0\opentelemetry-sdk-1.46.0.jar;C:\Users\ankit.dhakulkar\.m2\repository\io\opentelemetry\opentelemetry-sdk-metrics\1.46.0\opentelemetry-sdk-metrics-1.46.0.jar;C:\Users\ankit.dhakulkar\.m2\repository\io\opentelemetry\opentelemetry-sdk-logs\1.46.0\opentelemetry-sdk-logs-1.46.0.jar;C:\Users\ankit.dhakulkar\.m2\repository\net\bytebuddy\byte-buddy\1.15.11\byte-buddy-1.15.11.jar;C:\Users\ankit.dhakulkar\.m2\repository\org\seleniumhq\selenium\selenium-os\4.28.1\selenium-os-4.28.1.jar;C:\Users\ankit.dhakulkar\.m2\repository\org\apache\commons\commons-exec\1.4.0\commons-exec-1.4.0.jar;C:\Users\ankit.dhakulkar\.m2\repository\org\seleniumhq\selenium\selenium-safari-driver\4.28.1\selenium-safari-driver-4.28.1.jar;C:\Users\ankit.dhakulkar\.m2\repository\org\seleniumhq\selenium\selenium-support\4.28.1\selenium-support-4.28.1.jar;C:\Users\ankit.dhakulkar\.m2\repository\io\github\bonigarcia\webdrivermanager\5.2.0\webdrivermanager-5.2.0.jar;C:\Users\ankit.dhakulkar\.m2\repository\org\slf4j\slf4j-api\1.7.36\slf4j-api-1.7.36.jar;C:\Users\ankit.dhakulkar\.m2\repository\com\google\code\gson\gson\2.9.0\gson-2.9.0.jar;C:\Users\ankit.dhakulkar\.m2\repository\com\github\docker-java\docker-java\3.2.13\docker-java-3.2.13.jar;C:\Users\ankit.dhakulkar\.m2\repository\com\github\docker-java\docker-java-core\3.2.13\docker-java-core-3.2.13.jar;C:\Users\ankit.dhakulkar\.m2\repository\com\github\docker-java\docker-java-api\3.2.13\docker-java-api-3.2.13.jar;C:\Users\ankit.dhakulkar\.m2\repository\com\fasterxml\jackson\core\jackson-annotations\2.10.3\jackson-annotations-2.10.3.jar;C:\Users\ankit.dhakulkar\.m2\repository\com\fasterxml\jackson\core\jackson-databind\2.10.3\jackson-databind-2.10.3.jar;C:\Users\ankit.dhakulkar\.m2\repository\com\fasterxml\jackson\core\jackson-core\2.10.3\jackson-core-2.10.3.jar;C:\Users\ankit.dhakulkar\.m2\repository\org\bouncycastle\bcpkix-jdk15on\1.64\bcpkix-jdk15on-1.64.jar;C:\Users\ankit.dhakulkar\.m2\repository\org\bouncycastle\bcprov-jdk15on\1.64\bcprov-jdk15on-1.64.jar;C:\Users\ankit.dhakulkar\.m2\repository\org\slf4j\jcl-over-slf4j\1.7.30\jcl-over-slf4j-1.7.30.jar;C:\Users\ankit.dhakulkar\.m2\repository\com\github\docker-java\docker-java-transport-httpclient5\3.2.13\docker-java-transport-httpclient5-3.2.13.jar;C:\Users\ankit.dhakulkar\.m2\repository\com\github\docker-java\docker-java-transport\3.2.13\docker-java-transport-3.2.13.jar;C:\Users\ankit.dhakulkar\.m2\repository\net\java\dev\jna\jna\5.8.0\jna-5.8.0.jar;C:\Users\ankit.dhakulkar\.m2\repository\org\brotli\dec\0.1.2\dec-0.1.2.jar;C:\Users\ankit.dhakulkar\.m2\repository\org\apache\commons\commons-lang3\3.12.0\commons-lang3-3.12.0.jar;C:\Users\ankit.dhakulkar\.m2\repository\org\apache\httpcomponents\client5\httpclient5\5.1.3\httpclient5-5.1.3.jar;C:\Users\ankit.dhakulkar\.m2\repository\org\apache\httpcomponents\core5\httpcore5\5.1.3\httpcore5-5.1.3.jar;C:\Users\ankit.dhakulkar\.m2\repository\org\apache\httpcomponents\core5\httpcore5-h2\5.1.3\httpcore5-h2-5.1.3.jar;C:\Users\ankit.dhakulkar\.m2\repository\org\apache\poi\poi\5.2.2\poi-5.2.2.jar;C:\Users\ankit.dhakulkar\.m2\repository\commons-codec\commons-codec\1.15\commons-codec-1.15.jar;C:\Users\ankit.dhakulkar\.m2\repository\org\apache\commons\commons-collections4\4.4\commons-collections4-4.4.jar;C:\Users\ankit.dhakulkar\.m2\repository\org\apache\commons\commons-math3\3.6.1\commons-math3-3.6.1.jar;C:\Users\ankit.dhakulkar\.m2\repository\commons-io\commons-io\2.11.0\commons-io-2.11.0.jar;C:\Users\ankit.dhakulkar\.m2\repository\com\zaxxer\SparseBitSet\1.2\SparseBitSet-1.2.jar;C:\Users\ankit.dhakulkar\.m2\repository\org\apache\logging\log4j\log4j-api\2.17.2\log4j-api-2.17.2.jar;C:\Users\ankit.dhakulkar\.m2\repository\org\apache\poi\poi-ooxml\5.2.2\poi-ooxml-5.2.2.jar;C:\Users\ankit.dhakulkar\.m2\repository\org\apache\poi\poi-ooxml-lite\5.2.2\poi-ooxml-lite-5.2.2.jar;C:\Users\ankit.dhakulkar\.m2\repository\org\apache\xmlbeans\xmlbeans\5.0.3\xmlbeans-5.0.3.jar;C:\Users\ankit.dhakulkar\.m2\repository\org\apache\commons\commons-compress\1.21\commons-compress-1.21.jar;C:\Users\ankit.dhakulkar\.m2\repository\com\github\virtuald\curvesapi\1.07\curvesapi-1.07.jar;C:\Users\ankit.dhakulkar\.m2\repository\org\apache\poi\poi-ooxml-schemas\4.1.2\poi-ooxml-schemas-4.1.2.jar;C:\Users\ankit.dhakulkar\.m2\repository\com\monitorjbl\xlsx-streamer\2.1.0\xlsx-streamer-2.1.0.jar;C:\Users\ankit.dhakulkar\.m2\repository\com\rackspace\apache\xerces2-xsd11\2.11.1\xerces2-xsd11-2.11.1.jar;C:\Users\ankit.dhakulkar\.m2\repository\com\rackspace\eclipse\webtools\sourceediting\org.eclipse.wst.xml.xpath2.processor\2.1.100\org.eclipse.wst.xml.xpath2.processor-2.1.100.jar;C:\Users\ankit.dhakulkar\.m2\repository\edu\princeton\cup\java-cup\10k\java-cup-10k.jar;C:\Users\ankit.dhakulkar\.m2\repository\com\ibm\icu\icu4j\4.6\icu4j-4.6.jar;C:\Users\ankit.dhakulkar\.m2\repository\xml-resolver\xml-resolver\1.2\xml-resolver-1.2.jar;C:\Users\ankit.dhakulkar\.m2\repository\xml-apis\xml-apis\1.4.01\xml-apis-1.4.01.jar;C:\Users\ankit.dhakulkar\.m2\repository\org\testng\testng\7.6.1\testng-7.6.1.jar;C:\Users\ankit.dhakulkar\.m2\repository\com\google\code\findbugs\jsr305\3.0.2\jsr305-3.0.2.jar;C:\Users\ankit.dhakulkar\.m2\repository\com\beust\jcommander\1.82\jcommander-1.82.jar;C:\Users\ankit.dhakulkar\.m2\repository\org\webjars\jquery\3.6.0\jquery-3.6.0.jar;C:\Users\ankit.dhakulkar\.m2\repository\com\aventstack\extentreports\5.0.9\extentreports-5.0.9.jar;C:\Users\ankit.dhakulkar\.m2\repository\io\reactivex\rxjava3\rxjava\3.0.4\rxjava-3.0.4.jar;C:\Users\ankit.dhakulkar\.m2\repository\org\reactivestreams\reactive-streams\1.0.3\reactive-streams-1.0.3.jar;C:\Users\ankit.dhakulkar\.m2\repository\org\freemarker\freemarker\2.3.30\freemarker-2.3.30.jar;C:\Users\ankit.dhakulkar\.m2\repository\org\projectlombok\lombok\1.18.12\lombok-1.18.12.jar;C:\Users\ankit.dhakulkar\.m2\repository\tech\grasshopper\extentreports-cucumber7-adapter\1.14.0\extentreports-cucumber7-adapter-1.14.0.jar;C:\Users\ankit.dhakulkar\.m2\repository\tech\grasshopper\extent-pdf-report\2.12.0\extent-pdf-report-2.12.0.jar;C:\Users\ankit.dhakulkar\.m2\repository\tech\grasshopper\cucumber-pdf-report\2.14.0\cucumber-pdf-report-2.14.0.jar;C:\Users\ankit.dhakulkar\.m2\repository\org\apache\pdfbox\pdfbox\2.0.26\pdfbox-2.0.26.jar;C:\Users\ankit.dhakulkar\.m2\repository\org\apache\pdfbox\fontbox\2.0.26\fontbox-2.0.26.jar;C:\Users\ankit.dhakulkar\.m2\repository\org\knowm\xchart\xchart\3.8.0\xchart-3.8.0.jar;C:\Users\ankit.dhakulkar\.m2\repository\de\erichseifert\vectorgraphics2d\VectorGraphics2D\0.13\VectorGraphics2D-0.13.jar;C:\Users\ankit.dhakulkar\.m2\repository\de\rototor\pdfbox\graphics2d\0.30\graphics2d-0.30.jar;C:\Users\ankit.dhakulkar\.m2\repository\com\madgag\animated-gif-lib\1.4\animated-gif-lib-1.4.jar;C:\Users\ankit.dhakulkar\.m2\repository\org\yaml\snakeyaml\2.0\snakeyaml-2.0.jar;C:\Users\ankit.dhakulkar\.m2\repository\tech\grasshopper\table-layout\1.5.1\table-layout-1.5.1.jar;C:\Users\ankit.dhakulkar\.m2\repository\tech\grasshopper\rest-assured-cucumber-pdf-report\1.5.0\rest-assured-cucumber-pdf-report-1.5.0.jar;C:\Users\ankit.dhakulkar\.m2\repository\org\jsoup\jsoup\1.15.3\jsoup-1.15.3.jar;C:\Users\ankit.dhakulkar\.m2\repository\com\aventstack\klov-reporter\5.1.0\klov-reporter-5.1.0.jar;C:\Users\ankit.dhakulkar\.m2\repository\org\mongodb\mongodb-driver\3.6.4\mongodb-driver-3.6.4.jar;C:\Users\ankit.dhakulkar\.m2\repository\org\mongodb\mongodb-driver-core\3.6.4\mongodb-driver-core-3.6.4.jar;C:\Users\ankit.dhakulkar\.m2\repository\org\mongodb\bson\3.6.4\bson-3.6.4.jar;C:\Users\ankit.dhakulkar\.m2\repository\org\apache\httpcomponents\httpclient\4.5.13\httpclient-4.5.13.jar;C:\Users\ankit.dhakulkar\.m2\repository\org\apache\httpcomponents\httpcore\4.4.13\httpcore-4.4.13.jar;C:\Users\ankit.dhakulkar\.m2\repository\commons-logging\commons-logging\1.2\commons-logging-1.2.jar;C:\Users\ankit.dhakulkar\.m2\repository\org\apache\httpcomponents\httpmime\4.5.13\httpmime-4.5.13.jar;C:\Users\ankit.dhakulkar\.m2\repository\tech\grasshopper\htmlextentreporter\1.1.0\htmlextentreporter-1.1.0.jar;C:\Users\ankit.dhakulkar\.m2\repository\tech\grasshopper\extent-excel-report\1.4.0\extent-excel-report-1.4.0.jar;"/>
    <property name="java.vm.vendor" value="Oracle Corporation"/>
    <property name="sun.arch.data.model" value="64"/>
    <property name="user.variant" value=""/>
    <property name="java.vendor.url" value="https://java.oracle.com/"/>
    <property name="user.timezone" value="Asia/Calcutta"/>
    <property name="os.name" value="Windows 10"/>
    <property name="java.vm.specification.version" value="17"/>
    <property name="sun.java.launcher" value="SUN_STANDARD"/>
    <property name="user.country" value="GB"/>
    <property name="sun.boot.library.path" value="C:\Program Files\Java\jdk-17\bin"/>
    <property name="sun.java.command" value="C:\Users\ankit.dhakulkar\AppData\Local\Temp\surefire4527943937225448044\surefirebooter16852463355654532954.jar C:\Users\ankit.dhakulkar\AppData\Local\Temp\surefire4527943937225448044 2025-03-17T13-06-16_184-jvmRun1 surefire5598369019354360958tmp surefire_01429864833701311447tmp"/>
    <property name="jdk.debug" value="release"/>
    <property name="surefire.test.class.path" value="C:\Users\ankit.dhakulkar\eclipse-workspace\CucumberPom\target\test-classes;C:\Users\ankit.dhakulkar\eclipse-workspace\CucumberPom\target\classes;C:\Users\ankit.dhakulkar\.m2\repository\io\cucumber\cucumber-core\7.15.0\cucumber-core-7.15.0.jar;C:\Users\ankit.dhakulkar\.m2\repository\io\cucumber\cucumber-gherkin\7.15.0\cucumber-gherkin-7.15.0.jar;C:\Users\ankit.dhakulkar\.m2\repository\io\cucumber\cucumber-gherkin-messages\7.15.0\cucumber-gherkin-messages-7.15.0.jar;C:\Users\ankit.dhakulkar\.m2\repository\io\cucumber\messages\22.0.0\messages-22.0.0.jar;C:\Users\ankit.dhakulkar\.m2\repository\io\cucumber\tag-expressions\6.0.0\tag-expressions-6.0.0.jar;C:\Users\ankit.dhakulkar\.m2\repository\io\cucumber\cucumber-expressions\17.0.1\cucumber-expressions-17.0.1.jar;C:\Users\ankit.dhakulkar\.m2\repository\io\cucumber\datatable\7.15.0\datatable-7.15.0.jar;C:\Users\ankit.dhakulkar\.m2\repository\io\cucumber\cucumber-plugin\7.15.0\cucumber-plugin-7.15.0.jar;C:\Users\ankit.dhakulkar\.m2\repository\io\cucumber\docstring\7.15.0\docstring-7.15.0.jar;C:\Users\ankit.dhakulkar\.m2\repository\io\cucumber\html-formatter\20.4.0\html-formatter-20.4.0.jar;C:\Users\ankit.dhakulkar\.m2\repository\io\cucumber\junit-xml-formatter\0.2.0\junit-xml-formatter-0.2.0.jar;C:\Users\ankit.dhakulkar\.m2\repository\io\cucumber\ci-environment\10.0.0\ci-environment-10.0.0.jar;C:\Users\ankit.dhakulkar\.m2\repository\org\apiguardian\apiguardian-api\1.1.2\apiguardian-api-1.1.2.jar;C:\Users\ankit.dhakulkar\.m2\repository\io\cucumber\gherkin\27.0.0\gherkin-27.0.0.jar;C:\Users\ankit.dhakulkar\.m2\repository\io\cucumber\cucumber-testng\7.15.0\cucumber-testng-7.15.0.jar;C:\Users\ankit.dhakulkar\.m2\repository\io\cucumber\cucumber-java\7.15.0\cucumber-java-7.15.0.jar;C:\Users\ankit.dhakulkar\.m2\repository\org\seleniumhq\selenium\selenium-java\4.28.1\selenium-java-4.28.1.jar;C:\Users\ankit.dhakulkar\.m2\repository\org\seleniumhq\selenium\selenium-api\4.28.1\selenium-api-4.28.1.jar;C:\Users\ankit.dhakulkar\.m2\repository\org\jspecify\jspecify\1.0.0\jspecify-1.0.0.jar;C:\Users\ankit.dhakulkar\.m2\repository\org\seleniumhq\selenium\selenium-chrome-driver\4.28.1\selenium-chrome-driver-4.28.1.jar;C:\Users\ankit.dhakulkar\.m2\repository\com\google\auto\service\auto-service-annotations\1.1.1\auto-service-annotations-1.1.1.jar;C:\Users\ankit.dhakulkar\.m2\repository\org\seleniumhq\selenium\selenium-chromium-driver\4.28.1\selenium-chromium-driver-4.28.1.jar;C:\Users\ankit.dhakulkar\.m2\repository\org\seleniumhq\selenium\selenium-json\4.28.1\selenium-json-4.28.1.jar;C:\Users\ankit.dhakulkar\.m2\repository\org\seleniumhq\selenium\selenium-manager\4.28.1\selenium-manager-4.28.1.jar;C:\Users\ankit.dhakulkar\.m2\repository\org\seleniumhq\selenium\selenium-devtools-v130\4.28.1\selenium-devtools-v130-4.28.1.jar;C:\Users\ankit.dhakulkar\.m2\repository\org\seleniumhq\selenium\selenium-devtools-v131\4.28.1\selenium-devtools-v131-4.28.1.jar;C:\Users\ankit.dhakulkar\.m2\repository\org\seleniumhq\selenium\selenium-devtools-v132\4.28.1\selenium-devtools-v132-4.28.1.jar;C:\Users\ankit.dhakulkar\.m2\repository\org\seleniumhq\selenium\selenium-devtools-v85\4.28.1\selenium-devtools-v85-4.28.1.jar;C:\Users\ankit.dhakulkar\.m2\repository\org\seleniumhq\selenium\selenium-edge-driver\4.28.1\selenium-edge-driver-4.28.1.jar;C:\Users\ankit.dhakulkar\.m2\repository\org\seleniumhq\selenium\selenium-firefox-driver\4.28.1\selenium-firefox-driver-4.28.1.jar;C:\Users\ankit.dhakulkar\.m2\repository\org\seleniumhq\selenium\selenium-http\4.28.1\selenium-http-4.28.1.jar;C:\Users\ankit.dhakulkar\.m2\repository\org\seleniumhq\selenium\selenium-ie-driver\4.28.1\selenium-ie-driver-4.28.1.jar;C:\Users\ankit.dhakulkar\.m2\repository\org\seleniumhq\selenium\selenium-remote-driver\4.28.1\selenium-remote-driver-4.28.1.jar;C:\Users\ankit.dhakulkar\.m2\repository\com\google\guava\guava\33.4.0-jre\guava-33.4.0-jre.jar;C:\Users\ankit.dhakulkar\.m2\repository\com\google\guava\failureaccess\1.0.2\failureaccess-1.0.2.jar;C:\Users\ankit.dhakulkar\.m2\repository\com\google\guava\listenablefuture\9999.0-empty-to-avoid-conflict-with-guava\listenablefuture-9999.0-empty-to-avoid-conflict-with-guava.jar;C:\Users\ankit.dhakulkar\.m2\repository\org\checkerframework\checker-qual\3.43.0\checker-qual-3.43.0.jar;C:\Users\ankit.dhakulkar\.m2\repository\com\google\errorprone\error_prone_annotations\2.36.0\error_prone_annotations-2.36.0.jar;C:\Users\ankit.dhakulkar\.m2\repository\com\google\j2objc\j2objc-annotations\3.0.0\j2objc-annotations-3.0.0.jar;C:\Users\ankit.dhakulkar\.m2\repository\io\opentelemetry\semconv\opentelemetry-semconv\1.28.0-alpha\opentelemetry-semconv-1.28.0-alpha.jar;C:\Users\ankit.dhakulkar\.m2\repository\io\opentelemetry\opentelemetry-api\1.46.0\opentelemetry-api-1.46.0.jar;C:\Users\ankit.dhakulkar\.m2\repository\io\opentelemetry\opentelemetry-context\1.46.0\opentelemetry-context-1.46.0.jar;C:\Users\ankit.dhakulkar\.m2\repository\io\opentelemetry\opentelemetry-exporter-logging\1.46.0\opentelemetry-exporter-logging-1.46.0.jar;C:\Users\ankit.dhakulkar\.m2\repository\io\opentelemetry\opentelemetry-sdk-common\1.46.0\opentelemetry-sdk-common-1.46.0.jar;C:\Users\ankit.dhakulkar\.m2\repository\io\opentelemetry\opentelemetry-sdk-extension-autoconfigure-spi\1.46.0\opentelemetry-sdk-extension-autoconfigure-spi-1.46.0.jar;C:\Users\ankit.dhakulkar\.m2\repository\io\opentelemetry\opentelemetry-sdk-extension-autoconfigure\1.46.0\opentelemetry-sdk-extension-autoconfigure-1.46.0.jar;C:\Users\ankit.dhakulkar\.m2\repository\io\opentelemetry\opentelemetry-api-incubator\1.46.0-alpha\opentelemetry-api-incubator-1.46.0-alpha.jar;C:\Users\ankit.dhakulkar\.m2\repository\io\opentelemetry\opentelemetry-sdk-trace\1.46.0\opentelemetry-sdk-trace-1.46.0.jar;C:\Users\ankit.dhakulkar\.m2\repository\io\opentelemetry\opentelemetry-sdk\1.46.0\opentelemetry-sdk-1.46.0.jar;C:\Users\ankit.dhakulkar\.m2\repository\io\opentelemetry\opentelemetry-sdk-metrics\1.46.0\opentelemetry-sdk-metrics-1.46.0.jar;C:\Users\ankit.dhakulkar\.m2\repository\io\opentelemetry\opentelemetry-sdk-logs\1.46.0\opentelemetry-sdk-logs-1.46.0.jar;C:\Users\ankit.dhakulkar\.m2\repository\net\bytebuddy\byte-buddy\1.15.11\byte-buddy-1.15.11.jar;C:\Users\ankit.dhakulkar\.m2\repository\org\seleniumhq\selenium\selenium-os\4.28.1\selenium-os-4.28.1.jar;C:\Users\ankit.dhakulkar\.m2\repository\org\apache\commons\commons-exec\1.4.0\commons-exec-1.4.0.jar;C:\Users\ankit.dhakulkar\.m2\repository\org\seleniumhq\selenium\selenium-safari-driver\4.28.1\selenium-safari-driver-4.28.1.jar;C:\Users\ankit.dhakulkar\.m2\repository\org\seleniumhq\selenium\selenium-support\4.28.1\selenium-support-4.28.1.jar;C:\Users\ankit.dhakulkar\.m2\repository\io\github\bonigarcia\webdrivermanager\5.2.0\webdrivermanager-5.2.0.jar;C:\Users\ankit.dhakulkar\.m2\repository\org\slf4j\slf4j-api\1.7.36\slf4j-api-1.7.36.jar;C:\Users\ankit.dhakulkar\.m2\repository\com\google\code\gson\gson\2.9.0\gson-2.9.0.jar;C:\Users\ankit.dhakulkar\.m2\repository\com\github\docker-java\docker-java\3.2.13\docker-java-3.2.13.jar;C:\Users\ankit.dhakulkar\.m2\repository\com\github\docker-java\docker-java-core\3.2.13\docker-java-core-3.2.13.jar;C:\Users\ankit.dhakulkar\.m2\repository\com\github\docker-java\docker-java-api\3.2.13\docker-java-api-3.2.13.jar;C:\Users\ankit.dhakulkar\.m2\repository\com\fasterxml\jackson\core\jackson-annotations\2.10.3\jackson-annotations-2.10.3.jar;C:\Users\ankit.dhakulkar\.m2\repository\com\fasterxml\jackson\core\jackson-databind\2.10.3\jackson-databind-2.10.3.jar;C:\Users\ankit.dhakulkar\.m2\repository\com\fasterxml\jackson\core\jackson-core\2.10.3\jackson-core-2.10.3.jar;C:\Users\ankit.dhakulkar\.m2\repository\org\bouncycastle\bcpkix-jdk15on\1.64\bcpkix-jdk15on-1.64.jar;C:\Users\ankit.dhakulkar\.m2\repository\org\bouncycastle\bcprov-jdk15on\1.64\bcprov-jdk15on-1.64.jar;C:\Users\ankit.dhakulkar\.m2\repository\org\slf4j\jcl-over-slf4j\1.7.30\jcl-over-slf4j-1.7.30.jar;C:\Users\ankit.dhakulkar\.m2\repository\com\github\docker-java\docker-java-transport-httpclient5\3.2.13\docker-java-transport-httpclient5-3.2.13.jar;C:\Users\ankit.dhakulkar\.m2\repository\com\github\docker-java\docker-java-transport\3.2.13\docker-java-transport-3.2.13.jar;C:\Users\ankit.dhakulkar\.m2\repository\net\java\dev\jna\jna\5.8.0\jna-5.8.0.jar;C:\Users\ankit.dhakulkar\.m2\repository\org\brotli\dec\0.1.2\dec-0.1.2.jar;C:\Users\ankit.dhakulkar\.m2\repository\org\apache\commons\commons-lang3\3.12.0\commons-lang3-3.12.0.jar;C:\Users\ankit.dhakulkar\.m2\repository\org\apache\httpcomponents\client5\httpclient5\5.1.3\httpclient5-5.1.3.jar;C:\Users\ankit.dhakulkar\.m2\repository\org\apache\httpcomponents\core5\httpcore5\5.1.3\httpcore5-5.1.3.jar;C:\Users\ankit.dhakulkar\.m2\repository\org\apache\httpcomponents\core5\httpcore5-h2\5.1.3\httpcore5-h2-5.1.3.jar;C:\Users\ankit.dhakulkar\.m2\repository\org\apache\poi\poi\5.2.2\poi-5.2.2.jar;C:\Users\ankit.dhakulkar\.m2\repository\commons-codec\commons-codec\1.15\commons-codec-1.15.jar;C:\Users\ankit.dhakulkar\.m2\repository\org\apache\commons\commons-collections4\4.4\commons-collections4-4.4.jar;C:\Users\ankit.dhakulkar\.m2\repository\org\apache\commons\commons-math3\3.6.1\commons-math3-3.6.1.jar;C:\Users\ankit.dhakulkar\.m2\repository\commons-io\commons-io\2.11.0\commons-io-2.11.0.jar;C:\Users\ankit.dhakulkar\.m2\repository\com\zaxxer\SparseBitSet\1.2\SparseBitSet-1.2.jar;C:\Users\ankit.dhakulkar\.m2\repository\org\apache\logging\log4j\log4j-api\2.17.2\log4j-api-2.17.2.jar;C:\Users\ankit.dhakulkar\.m2\repository\org\apache\poi\poi-ooxml\5.2.2\poi-ooxml-5.2.2.jar;C:\Users\ankit.dhakulkar\.m2\repository\org\apache\poi\poi-ooxml-lite\5.2.2\poi-ooxml-lite-5.2.2.jar;C:\Users\ankit.dhakulkar\.m2\repository\org\apache\xmlbeans\xmlbeans\5.0.3\xmlbeans-5.0.3.jar;C:\Users\ankit.dhakulkar\.m2\repository\org\apache\commons\commons-compress\1.21\commons-compress-1.21.jar;C:\Users\ankit.dhakulkar\.m2\repository\com\github\virtuald\curvesapi\1.07\curvesapi-1.07.jar;C:\Users\ankit.dhakulkar\.m2\repository\org\apache\poi\poi-ooxml-schemas\4.1.2\poi-ooxml-schemas-4.1.2.jar;C:\Users\ankit.dhakulkar\.m2\repository\com\monitorjbl\xlsx-streamer\2.1.0\xlsx-streamer-2.1.0.jar;C:\Users\ankit.dhakulkar\.m2\repository\com\rackspace\apache\xerces2-xsd11\2.11.1\xerces2-xsd11-2.11.1.jar;C:\Users\ankit.dhakulkar\.m2\repository\com\rackspace\eclipse\webtools\sourceediting\org.eclipse.wst.xml.xpath2.processor\2.1.100\org.eclipse.wst.xml.xpath2.processor-2.1.100.jar;C:\Users\ankit.dhakulkar\.m2\repository\edu\princeton\cup\java-cup\10k\java-cup-10k.jar;C:\Users\ankit.dhakulkar\.m2\repository\com\ibm\icu\icu4j\4.6\icu4j-4.6.jar;C:\Users\ankit.dhakulkar\.m2\repository\xml-resolver\xml-resolver\1.2\xml-resolver-1.2.jar;C:\Users\ankit.dhakulkar\.m2\repository\xml-apis\xml-apis\1.4.01\xml-apis-1.4.01.jar;C:\Users\ankit.dhakulkar\.m2\repository\org\testng\testng\7.6.1\testng-7.6.1.jar;C:\Users\ankit.dhakulkar\.m2\repository\com\google\code\findbugs\jsr305\3.0.2\jsr305-3.0.2.jar;C:\Users\ankit.dhakulkar\.m2\repository\com\beust\jcommander\1.82\jcommander-1.82.jar;C:\Users\ankit.dhakulkar\.m2\repository\org\webjars\jquery\3.6.0\jquery-3.6.0.jar;C:\Users\ankit.dhakulkar\.m2\repository\com\aventstack\extentreports\5.0.9\extentreports-5.0.9.jar;C:\Users\ankit.dhakulkar\.m2\repository\io\reactivex\rxjava3\rxjava\3.0.4\rxjava-3.0.4.jar;C:\Users\ankit.dhakulkar\.m2\repository\org\reactivestreams\reactive-streams\1.0.3\reactive-streams-1.0.3.jar;C:\Users\ankit.dhakulkar\.m2\repository\org\freemarker\freemarker\2.3.30\freemarker-2.3.30.jar;C:\Users\ankit.dhakulkar\.m2\repository\org\projectlombok\lombok\1.18.12\lombok-1.18.12.jar;C:\Users\ankit.dhakulkar\.m2\repository\tech\grasshopper\extentreports-cucumber7-adapter\1.14.0\extentreports-cucumber7-adapter-1.14.0.jar;C:\Users\ankit.dhakulkar\.m2\repository\tech\grasshopper\extent-pdf-report\2.12.0\extent-pdf-report-2.12.0.jar;C:\Users\ankit.dhakulkar\.m2\repository\tech\grasshopper\cucumber-pdf-report\2.14.0\cucumber-pdf-report-2.14.0.jar;C:\Users\ankit.dhakulkar\.m2\repository\org\apache\pdfbox\pdfbox\2.0.26\pdfbox-2.0.26.jar;C:\Users\ankit.dhakulkar\.m2\repository\org\apache\pdfbox\fontbox\2.0.26\fontbox-2.0.26.jar;C:\Users\ankit.dhakulkar\.m2\repository\org\knowm\xchart\xchart\3.8.0\xchart-3.8.0.jar;C:\Users\ankit.dhakulkar\.m2\repository\de\erichseifert\vectorgraphics2d\VectorGraphics2D\0.13\VectorGraphics2D-0.13.jar;C:\Users\ankit.dhakulkar\.m2\repository\de\rototor\pdfbox\graphics2d\0.30\graphics2d-0.30.jar;C:\Users\ankit.dhakulkar\.m2\repository\com\madgag\animated-gif-lib\1.4\animated-gif-lib-1.4.jar;C:\Users\ankit.dhakulkar\.m2\repository\org\yaml\snakeyaml\2.0\snakeyaml-2.0.jar;C:\Users\ankit.dhakulkar\.m2\repository\tech\grasshopper\table-layout\1.5.1\table-layout-1.5.1.jar;C:\Users\ankit.dhakulkar\.m2\repository\tech\grasshopper\rest-assured-cucumber-pdf-report\1.5.0\rest-assured-cucumber-pdf-report-1.5.0.jar;C:\Users\ankit.dhakulkar\.m2\repository\org\jsoup\jsoup\1.15.3\jsoup-1.15.3.jar;C:\Users\ankit.dhakulkar\.m2\repository\com\aventstack\klov-reporter\5.1.0\klov-reporter-5.1.0.jar;C:\Users\ankit.dhakulkar\.m2\repository\org\mongodb\mongodb-driver\3.6.4\mongodb-driver-3.6.4.jar;C:\Users\ankit.dhakulkar\.m2\repository\org\mongodb\mongodb-driver-core\3.6.4\mongodb-driver-core-3.6.4.jar;C:\Users\ankit.dhakulkar\.m2\repository\org\mongodb\bson\3.6.4\bson-3.6.4.jar;C:\Users\ankit.dhakulkar\.m2\repository\org\apache\httpcomponents\httpclient\4.5.13\httpclient-4.5.13.jar;C:\Users\ankit.dhakulkar\.m2\repository\org\apache\httpcomponents\httpcore\4.4.13\httpcore-4.4.13.jar;C:\Users\ankit.dhakulkar\.m2\repository\commons-logging\commons-logging\1.2\commons-logging-1.2.jar;C:\Users\ankit.dhakulkar\.m2\repository\org\apache\httpcomponents\httpmime\4.5.13\httpmime-4.5.13.jar;C:\Users\ankit.dhakulkar\.m2\repository\tech\grasshopper\htmlextentreporter\1.1.0\htmlextentreporter-1.1.0.jar;C:\Users\ankit.dhakulkar\.m2\repository\tech\grasshopper\extent-excel-report\1.4.0\extent-excel-report-1.4.0.jar;"/>
    <property name="sun.cpu.endian" value="little"/>
    <property name="user.home" value="C:\Users\ankit.dhakulkar"/>
    <property name="user.language" value="en"/>
    <property name="java.specification.vendor" value="Oracle Corporation"/>
    <property name="java.version.date" value="2024-01-16"/>
    <property name="java.home" value="C:\Program Files\Java\jdk-17"/>
    <property name="file.separator" value="\"/>
    <property name="basedir" value="C:\Users\ankit.dhakulkar\eclipse-workspace\CucumberPom"/>
    <property name="java.vm.compressedOopsMode" value="Zero based"/>
    <property name="line.separator" value="&#10;"/>
    <property name="java.vm.specification.vendor" value="Oracle Corporation"/>
    <property name="java.specification.name" value="Java Platform API Specification"/>
    <property name="surefire.real.class.path" value="C:\Users\ankit.dhakulkar\AppData\Local\Temp\surefire4527943937225448044\surefirebooter16852463355654532954.jar"/>
    <property name="user.script" value=""/>
    <property name="sun.management.compiler" value="HotSpot 64-Bit Tiered Compilers"/>
    <property name="java.runtime.version" value="17.0.10+11-LTS-240"/>
    <property name="user.name" value="ankit.dhakulkar"/>
    <property name="path.separator" value=";"/>
    <property name="os.version" value="10.0"/>
    <property name="java.runtime.name" value="Java(TM) SE Runtime Environment"/>
    <property name="file.encoding" value="Cp1252"/>
    <property name="java.vm.name" value="Java HotSpot(TM) 64-Bit Server VM"/>
    <property name="localRepository" value="C:\Users\ankit.dhakulkar\.m2\repository"/>
    <property name="java.vendor.url.bug" value="https://bugreport.java.com/bugreport/"/>
    <property name="java.io.tmpdir" value="C:\Users\ANKIT~1.DHA\AppData\Local\Temp\"/>
    <property name="java.version" value="17.0.10"/>
    <property name="user.dir" value="C:\Users\ankit.dhakulkar\eclipse-workspace\CucumberPom"/>
    <property name="os.arch" value="amd64"/>
    <property name="java.vm.specification.name" value="Java Virtual Machine Specification"/>
    <property name="sun.os.patch.level" value=""/>
    <property name="native.encoding" value="Cp1252"/>
    <property name="java.library.path" value="C:\Program Files\Java\jdk-17\bin;C:\WINDOWS\Sun\Java\bin;C:\WINDOWS\system32;C:\WINDOWS;C:\Program Files\Java\jdk-17/bin;C:\Program Files\Java\jdk-17/bin;C:\WINDOWS\system32;C:\WINDOWS;C:\WINDOWS\system32\Wbem;C:\Program Files\Common Files\Oracle\Java\javapath;C:\Program Files (x86)\Common Files\Oracle\Java\javapath;C:\WINDOWS\System32\WindowsPowerShell\v1.0\;C:\WINDOWS\System32\OpenSSH\;C:\Users\ankit.dhakulkar\AppData\Local\Android\Sdk;C:\Users\ankit.dhakulkar\AppData\Local\Android\Sdk\platform-tools;C:\Users\ankit.dhakulkar\AppData\Local\Android\Sdk\tools;C:\Program Files\nodejs\;C:\Maven\apache-maven-3.9.6\bin;C:\Program Files\Java\jdk-17\bin;D:\Maven\apache-maven-3.9.6\bin;C:\Program Files\Docker\Docker\resources\bin;C:\Program Files\k6\;D:\xampp\htdocs;C:\Users\ankit.dhakulkar\AppData\Local\Programs\Python\Python312\Scripts\;C:\Users\ankit.dhakulkar\AppData\Local\Programs\Python\Python312\;C:\Users\ankit.dhakulkar\AppData\Local\Programs\Python\Launcher\;C:\Users\ankit.dhakulkar\AppData\Local\Microsoft\WindowsApps;C:\Users\ankit.dhakulkar\AppData\Local\Programs\Git\cmd;C:\Users\ankit.dhakulkar\AppData\Local\Programs\Microsoft VS Code\bin;C:\Program Files\Appium Server GUI;C:\Users\ankit.dhakulkar\node_modules;C:\Program Files\nodejs;C:\Users\ankit.dhakulkar\AppData\Roaming\npm;C:\Users\ankit.dhakulkar\AppData\Local\Android\Sdk\tools\bin;C:\Users\ankit.dhakulkar\AppData\Local\Android\Sdk\tools;C:\Users\ankit.dhakulkar\AppData\Local\Android\Sdk\platform-tools;;."/>
    <property name="java.vm.info" value="mixed mode, sharing"/>
    <property name="java.vendor" value="Oracle Corporation"/>
    <property name="java.vm.version" value="17.0.10+11-LTS-240"/>
    <property name="sun.io.unicode.encoding" value="UnicodeLittle"/>
    <property name="java.class.version" value="61.0"/>
  </properties>
  <testcase name="runScenario[&quot;saucedemo checkout&quot;, &quot;saucedemo Checkout scenario&quot;](1)" classname="TestNGRunner.TestRunner$TestNGAppRunner" time="10.766">
    <system-out><![CDATA[
@Checkout
Scenario Outline: saucedemo checkout                                 # src/test/resource/com/features/CheckOutPage.feature:24
  Given User launch the browser and enter the saucedemo website      # Stepdefination.LoginSteps.user_launch_the_browser_and_enter_the_saucedemo_website()
  And User enter the Username "standard_user"                        # Stepdefination.LoginSteps.user_enter_the_username(java.lang.String)
  And User enter the Password  "secret_sauce"                        # Stepdefination.LoginSteps.user_enter_the_password(java.lang.String)
  And User click on login button                                     # Stepdefination.LoginSteps.user_click_on_login_button()
  Given User select the product and click on add to cart button      # Stepdefination.DashboardStep.user_select_the_product_and_click_on_add_to_cart_button()
  When User click on cart icon                                       # Stepdefination.DashboardStep.user_click_on_cart_icon()
  Given User click on checkout button                                # Stepdefination.checkoutStep.user_click_on_checkout_button()
  Then User redirect to the checkout information page                # Stepdefination.checkoutStep.user_redirect_to_the_checkout_information_page()
  When User enter firstName "Ankit";                                 # Stepdefination.checkoutStep.user_enter_first_name(java.lang.String)
  And User enter LastName "D"                                        # Stepdefination.checkoutStep.user_enter_last_name(java.lang.String)
  And USer enter ZipCode "444444"                                    # Stepdefination.checkoutStep.u_ser_enter_zip_code(java.lang.String)
  Then User click on continue button                                 # Stepdefination.checkoutStep.user_click_on_continue_button()
  Then User redirect to the overview page and click on finish button # Stepdefination.checkoutStep.user_redirect_to_the_overview_page_and_click_on_finish_button()
]]></system-out>
    <system-err><![CDATA[SLF4J: Failed to load class "org.slf4j.impl.StaticLoggerBinder".
SLF4J: Defaulting to no-operation (NOP) logger implementation
SLF4J: See http://www.slf4j.org/codes.html#StaticLoggerBinder for further details.
Mar 17, 2025 1:06:31 PM org.openqa.selenium.devtools.CdpVersionFinder findNearestMatch
WARNING: Unable to find an exact match for CDP version 134, returning the closest version; found: 132; Please update to a Selenium version that supports CDP version 134
]]></system-err>
  </testcase>
  <testcase name="runScenario[&quot;saucedemo Dashboard&quot;, &quot;saucedemo Dashboard scenario&quot;](2)" classname="TestNGRunner.TestRunner$TestNGAppRunner" time="5.011">
    <system-out><![CDATA[
@Dashboard
Scenario Outline: saucedemo Dashboard                           # src/test/resource/com/features/Dashboard.feature:17
  Given User launch the browser and enter the saucedemo website # Stepdefination.LoginSteps.user_launch_the_browser_and_enter_the_saucedemo_website()
  And User enter the Username "standard_user"                   # Stepdefination.LoginSteps.user_enter_the_username(java.lang.String)
  And User enter the Password  "secret_sauce"                   # Stepdefination.LoginSteps.user_enter_the_password(java.lang.String)
  And User click on login button                                # Stepdefination.LoginSteps.user_click_on_login_button()
  Given User select the product and click on add to cart button # Stepdefination.DashboardStep.user_select_the_product_and_click_on_add_to_cart_button()
  When User click on cart icon                                  # Stepdefination.DashboardStep.user_click_on_cart_icon()
Redirect to the cart page
  Then User redirect to the Checkout page                       # Stepdefination.DashboardStep.user_redirect_to_the_checkout_page()
]]></system-out>
    <system-err><![CDATA[Mar 17, 2025 1:06:37 PM org.openqa.selenium.devtools.CdpVersionFinder findNearestMatch
WARNING: Unable to find an exact match for CDP version 134, returning the closest version; found: 132; Please update to a Selenium version that supports CDP version 134
]]></system-err>
  </testcase>
  <testcase name="runScenario[&quot;Login to saucedemo&quot;, &quot;saucedemo Login scenario&quot;](3)" classname="TestNGRunner.TestRunner$TestNGAppRunner" time="4.713">
    <system-out><![CDATA[
@Login @InvalidEmail
Scenario Outline: Login to saucedemo                            # src/test/resource/com/features/LoginPage.feature:15
  Given User launch the browser and enter the saucedemo website # Stepdefination.LoginSteps.user_launch_the_browser_and_enter_the_saucedemo_website()
  When User enter the Username "standard_user"                  # Stepdefination.LoginSteps.user_enter_the_username(java.lang.String)
  And User enter the Password  "secret_sauce"                   # Stepdefination.LoginSteps.user_enter_the_password(java.lang.String)
  And User click on login button                                # Stepdefination.LoginSteps.user_click_on_login_button()
Pass
  Then User redirect to the dashboard                           # Stepdefination.LoginSteps.user_redirect_to_the_dashboard()
]]></system-out>
    <system-err><![CDATA[Mar 17, 2025 1:06:42 PM org.openqa.selenium.devtools.CdpVersionFinder findNearestMatch
WARNING: Unable to find an exact match for CDP version 134, returning the closest version; found: 132; Please update to a Selenium version that supports CDP version 134
]]></system-err>
  </testcase>
  <testcase name="runScenario[&quot;InvalidEmail to saucedemo&quot;, &quot;saucedemo Login scenario&quot;](4)" classname="TestNGRunner.TestRunner$TestNGAppRunner" time="5.806">
    <system-out><![CDATA[
@InvalidEmail
Scenario Outline: InvalidEmail to saucedemo                     # src/test/resource/com/features/LoginPage.feature:28
  Given User launch the browser and enter the saucedemo website # Stepdefination.LoginSteps.user_launch_the_browser_and_enter_the_saucedemo_website()
  When User enter the Username "standard_userrr"                # Stepdefination.LoginSteps.user_enter_the_username(java.lang.String)
  And User enter the Password  "secret_sauce"                   # Stepdefination.LoginSteps.user_enter_the_password(java.lang.String)
  And User click on login button                                # Stepdefination.LoginSteps.user_click_on_login_button()
Pass
  Then User redirect to the dashboard                           # Stepdefination.LoginSteps.user_redirect_to_the_dashboard()
]]></system-out>
    <system-err><![CDATA[Mar 17, 2025 1:06:47 PM org.openqa.selenium.devtools.CdpVersionFinder findNearestMatch
WARNING: Unable to find an exact match for CDP version 134, returning the closest version; found: 132; Please update to a Selenium version that supports CDP version 134
]]></system-err>
  </testcase>
  <testcase name="runScenario[&quot;InvalidPass to saucedemo&quot;, &quot;saucedemo Login scenario&quot;](5)" classname="TestNGRunner.TestRunner$TestNGAppRunner" time="4.157">
    <system-out><![CDATA[
@InvalidPass
Scenario Outline: InvalidPass to saucedemo                      # src/test/resource/com/features/LoginPage.feature:42
  Given User launch the browser and enter the saucedemo website # Stepdefination.LoginSteps.user_launch_the_browser_and_enter_the_saucedemo_website()
  When User enter the Username "standard_user"                  # Stepdefination.LoginSteps.user_enter_the_username(java.lang.String)
  And User enter the Password  "secret_saucett"                 # Stepdefination.LoginSteps.user_enter_the_password(java.lang.String)
  And User click on login button                                # Stepdefination.LoginSteps.user_click_on_login_button()
Pass
  Then User redirect to the dashboard                           # Stepdefination.LoginSteps.user_redirect_to_the_dashboard()
]]></system-out>
    <system-err><![CDATA[Mar 17, 2025 1:06:52 PM org.openqa.selenium.devtools.CdpVersionFinder findNearestMatch
WARNING: Unable to find an exact match for CDP version 134, returning the closest version; found: 132; Please update to a Selenium version that supports CDP version 134
]]></system-err>
  </testcase>
  <testcase name="runScenario[&quot;InvalidCredential to saucedemo&quot;, &quot;saucedemo Login scenario&quot;](6)" classname="TestNGRunner.TestRunner$TestNGAppRunner" time="4.378">
    <system-out><![CDATA[
@InvalidCredential
Scenario Outline: InvalidCredential to saucedemo                # src/test/resource/com/features/LoginPage.feature:55
  Given User launch the browser and enter the saucedemo website # Stepdefination.LoginSteps.user_launch_the_browser_and_enter_the_saucedemo_website()
  When User enter the Username "standard_usertt"                # Stepdefination.LoginSteps.user_enter_the_username(java.lang.String)
  And User enter the Password  "secret_saucett"                 # Stepdefination.LoginSteps.user_enter_the_password(java.lang.String)
  And User click on login button                                # Stepdefination.LoginSteps.user_click_on_login_button()
Pass
  Then User redirect to the dashboard                           # Stepdefination.LoginSteps.user_redirect_to_the_dashboard()
]]></system-out>
    <system-err><![CDATA[Mar 17, 2025 1:06:57 PM org.openqa.selenium.devtools.CdpVersionFinder findNearestMatch
WARNING: Unable to find an exact match for CDP version 134, returning the closest version; found: 132; Please update to a Selenium version that supports CDP version 134
]]></system-err>
  </testcase>
</testsuite>