<?xml version="1.0" encoding="UTF-8"?>
<!-- Generated by org.testng.reporters.JUnitReportReporter -->
<testsuite hostname="AnkitDhakulkar" failures="0" tests="6" name="TestNGRunner.TestRunner$TestNGAppRunner" time="30.439" errors="0" timestamp="2025-03-13T15:49:33 IST" skipped="0">
  <testcase classname="TestNGRunner.TestRunner$TestNGAppRunner" name="runScenario" time="4.329"/>
  <system-out/>
  <testcase classname="TestNGRunner.TestRunner$TestNGAppRunner" name="runScenario" time="7.052"/>
  <system-out/>
  <testcase classname="TestNGRunner.TestRunner$TestNGAppRunner" name="runScenario" time="4.916"/>
  <system-out/>
  <testcase classname="TestNGRunner.TestRunner$TestNGAppRunner" name="runScenario" time="4.883"/>
  <system-out/>
  <testcase classname="TestNGRunner.TestRunner$TestNGAppRunner" name="runScenario" time="4.330"/>
  <system-out/>
  <testcase classname="TestNGRunner.TestRunner$TestNGAppRunner" name="runScenario" time="4.929"/>
  <system-out/>
</testsuite> <!-- TestNGRunner.TestRunner$TestNGAppRunner -->
