<?xml version="1.0" encoding="UTF-8"?>
<!-- Generated by org.testng.reporters.JUnitReportReporter -->
<testsuite hostname="AnkitDhakulkar" failures="0" tests="6" name="TestNGRunner.TestRunner$TestNGAppRunner" time="42.653" errors="0" timestamp="2025-03-17T15:25:24 IST" skipped="0">
  <testcase classname="TestNGRunner.TestRunner$TestNGAppRunner" name="runScenario" time="6.208"/>
  <system-out/>
  <testcase classname="TestNGRunner.TestRunner$TestNGAppRunner" name="runScenario" time="13.086"/>
  <system-out/>
  <testcase classname="TestNGRunner.TestRunner$TestNGAppRunner" name="runScenario" time="5.132"/>
  <system-out/>
  <testcase classname="TestNGRunner.TestRunner$TestNGAppRunner" name="runScenario" time="5.978"/>
  <system-out/>
  <testcase classname="TestNGRunner.TestRunner$TestNGAppRunner" name="runScenario" time="6.421"/>
  <system-out/>
  <testcase classname="TestNGRunner.TestRunner$TestNGAppRunner" name="runScenario" time="5.828"/>
  <system-out/>
</testsuite> <!-- TestNGRunner.TestRunner$TestNGAppRunner -->
