<?xml version="1.0" encoding="UTF-8"?>
<!-- Generated by org.testng.reporters.JUnitReportReporter -->
<testsuite hostname="AnkitDhakulkar" failures="0" tests="6" name="TestNGRunner.TestRunner$TestNGAppRunner" time="34.827" errors="0" timestamp="2025-03-17T13:07:04 IST" skipped="0">
  <testcase classname="TestNGRunner.TestRunner$TestNGAppRunner" name="runScenario" time="4.160"/>
  <system-out/>
  <testcase classname="TestNGRunner.TestRunner$TestNGAppRunner" name="runScenario" time="5.011"/>
  <system-out/>
  <testcase classname="TestNGRunner.TestRunner$TestNGAppRunner" name="runScenario" time="4.378"/>
  <system-out/>
  <testcase classname="TestNGRunner.TestRunner$TestNGAppRunner" name="runScenario" time="5.803"/>
  <system-out/>
  <testcase classname="TestNGRunner.TestRunner$TestNGAppRunner" name="runScenario" time="10.761"/>
  <system-out/>
  <testcase classname="TestNGRunner.TestRunner$TestNGAppRunner" name="runScenario" time="4.714"/>
  <system-out/>
</testsuite> <!-- TestNGRunner.TestRunner$TestNGAppRunner -->
